<?xml version="1.0" encoding="UTF-8"?>
<!-- Generated by org.testng.reporters.JUnitReportReporter -->
<testsuite hostname="DESKTOP-07HKR75" failures="0" tests="1" name="testCases.HomeToOfferToPrePaidTestTC" time="24.998" errors="0" timestamp="2021-07-11T21:06:46 BDT" skipped="0">
  <testcase classname="testCases.HomeToOfferToPrePaidTestTC" name="TillFeedbackRecieved" time="24.998"/>
  <system-out/>
</testsuite> <!-- testCases.HomeToOfferToPrePaidTestTC -->
