<?xml version="1.0" encoding="UTF-8"?>
<!-- Generated by org.testng.reporters.JUnitReportReporter -->
<testsuite hostname="DESKTOP-6S4NKVH" failures="0" tests="1" name="com.BLNet.testCases.HomeToOfferToPrePaidTest" time="36.316" errors="0" timestamp="2021-07-05T09:32:51 BDT" skipped="0">
  <testcase classname="com.BLNet.testCases.HomeToOfferToPrePaidTest" name="TillFeedbackRecieved" time="36.316"/>
  <system-out/>
</testsuite> <!-- com.BLNet.testCases.HomeToOfferToPrePaidTest -->
