<?xml version="1.0" encoding="UTF-8"?>
<!-- Generated by org.testng.reporters.JUnitReportReporter -->
<testsuite hostname="DESKTOP-6S4NKVH" failures="0" tests="1" name="blnet.LandingPageUrl" time="49.192" errors="0" timestamp="2021-07-01T12:57:11 BDT" skipped="0">
  <testcase classname="blnet.LandingPageUrl" name="goPrepaid" time="49.192"/>
  <system-out/>
</testsuite> <!-- blnet.LandingPageUrl -->
