<?xml version="1.0" encoding="UTF-8"?>
<!-- Generated by org.testng.reporters.JUnitReportReporter -->
<testsuite hostname="DESKTOP-07HKR75" failures="0" tests="1" name="testCases.TrendingAndOfferSlide" time="27.293" errors="0" timestamp="2021-07-29T10:06:01 BDT" skipped="0">
  <testcase classname="testCases.TrendingAndOfferSlide" name="trendingTest" time="27.293"/>
  <system-out/>
</testsuite> <!-- testCases.TrendingAndOfferSlide -->
