<?xml version="1.0" encoding="UTF-8"?>
<!-- Generated by org.testng.reporters.JUnitReportReporter -->
<testsuite hostname="DESKTOP-6S4NKVH" failures="0" tests="1" name="blnet.LandingPageUrl" time="20.025" errors="0" timestamp="2021-07-05T17:06:46 BDT" skipped="0">
  <testcase classname="blnet.LandingPageUrl" name="goPrepaid" time="20.025"/>
  <system-out/>
</testsuite> <!-- blnet.LandingPageUrl -->
