<?xml version="1.0" encoding="UTF-8"?>
<!-- Generated by org.testng.reporters.JUnitReportReporter -->
<testsuite hostname="DESKTOP-6S4NKVH" failures="0" tests="1" name="com.BLNet.testCases.NavbarLinkTest" time="16.380" errors="0" timestamp="2021-07-01T12:36:44 BDT" skipped="0">
  <testcase classname="com.BLNet.testCases.NavbarLinkTest" name="navbarTest" time="16.380"/>
  <system-out/>
</testsuite> <!-- com.BLNet.testCases.NavbarLinkTest -->
