<?xml version="1.0" encoding="UTF-8"?>
<!-- Generated by org.testng.reporters.JUnitReportReporter -->
<testsuite hostname="DESKTOP-6S4NKVH" failures="0" tests="1" name="testCases.ShortKeysUrlTestCase" time="18.186" errors="0" timestamp="2021-07-11T17:28:14 BDT" skipped="0">
  <testcase classname="testCases.ShortKeysUrlTestCase" name="VibeTest" time="18.186"/>
  <system-out/>
</testsuite> <!-- testCases.ShortKeysUrlTestCase -->
