<?xml version="1.0" encoding="UTF-8"?>
<!-- Generated by org.testng.reporters.JUnitReportReporter -->
<testsuite hostname="DESKTOP-07HKR75" failures="0" tests="1" name="testCases.ShortKeysUrlTestCase" time="19.631" errors="0" timestamp="2021-07-27T10:32:12 BDT" skipped="0">
  <testcase classname="testCases.ShortKeysUrlTestCase" name="bondhoSimOfferTest" time="19.631"/>
  <system-out/>
</testsuite> <!-- testCases.ShortKeysUrlTestCase -->
