<?xml version="1.0" encoding="UTF-8"?>
<!-- Generated by org.testng.reporters.JUnitReportReporter -->
<testsuite hostname="DESKTOP-6S4NKVH" failures="0" tests="1" name="testCases.ShortKeysUrlTestCase" time="29.775" errors="0" timestamp="2021-07-06T18:29:42 BDT" skipped="0">
  <testcase classname="testCases.ShortKeysUrlTestCase" name="AmarOfferTest" time="29.775"/>
  <system-out/>
</testsuite> <!-- testCases.ShortKeysUrlTestCase -->
