<?xml version="1.0" encoding="UTF-8"?>
<!-- Generated by org.testng.reporters.JUnitReportReporter -->
<testsuite hostname="DESKTOP-6S4NKVH" failures="0" tests="1" name="com.BLNet.testCases.ShortKeysUrlTestCase" time="20.225" errors="0" timestamp="2021-07-06T18:08:35 BDT" skipped="0">
  <testcase classname="com.BLNet.testCases.ShortKeysUrlTestCase" name="bondhoSimOfferTest" time="20.225"/>
  <system-out/>
</testsuite> <!-- com.BLNet.testCases.ShortKeysUrlTestCase -->
