<?xml version="1.0" encoding="UTF-8"?>
<!-- Generated by org.testng.reporters.JUnitReportReporter -->
<testsuite hostname="DESKTOP-6S4NKVH" failures="0" tests="1" name="com.BLNet.testCases.RechargeSubmit" time="31.900" errors="0" timestamp="2021-07-05T16:01:44 BDT" skipped="0">
  <testcase classname="com.BLNet.testCases.RechargeSubmit" name="TitleAndUrlTest" time="31.900"/>
  <system-out/>
</testsuite> <!-- com.BLNet.testCases.RechargeSubmit -->
